{
  "RSpec": {
    "coverage": {
      "/Users/alexsatur/Desktop/prime_tables/spec/prime_spec.rb": [
        1,
        null,
        1,
        null,
        1,
        1,
        1,
        1,
        1,
        null,
        null,
        1,
        1,
        1,
        1,
        null,
        null,
        1,
        1,
        1,
        1,
        1,
        1,
        1,
        null,
        null,
        null,
        1,
        1,
        1,
        null,
        null,
        1,
        1,
        1,
        null,
        null,
        null,
        null,
        null,
        null,
        null,
        null,
        null
      ],
      "/Users/alexsatur/Desktop/prime_tables/lib/prime.rb": [
        1,
        null,
        1,
        120,
        null,
        120,
        118,
        null,
        117,
        null,
        55,
        2582080,
        null,
        41,
        null,
        null,
        1,
        3,
        3,
        3,
        108,
        108,
        null,
        3,
        null,
        null,
        null
      ],
      "/Users/alexsatur/Desktop/prime_tables/spec/table_spec.rb": [
        1,
        null,
        1,
        null,
        1,
        1,
        1,
        null,
        null,
        1,
        1,
        1,
        1,
        null,
        null
      ],
      "/Users/alexsatur/Desktop/prime_tables/lib/table.rb": [
        1,
        null,
        1,
        null,
        1,
        18,
        3,
        3,
        36,
        9,
        9,
        null,
        3,
        null,
        null,
        1,
        0,
        0,
        null,
        null,
        null
      ]
    },
    "timestamp": 1512482798
  }
}
