{
  "RSpec": {
    "coverage": {
      "/Users/alexsatur/Desktop/prime_tables/spec/prime_spec.rb": [
        1,
        null,
        1,
        null,
        1,
        1,
        1,
        1,
        1,
        null,
        null,
        1,
        1,
        1,
        1,
        null,
        null,
        null
      ],
      "/Users/alexsatur/Desktop/prime_tables/lib/prime.rb": [
        1,
        null,
        1,
        6,
        null,
        6,
        4,
        null,
        3,
        null,
        null,
        null
      ]
    },
    "timestamp": 1512473636
  }
}
